<?xml version="1.0"?>
<!DOCTYPE coverage SYSTEM "http://cobertura.sourceforge.net/xml/coverage-04.dtd">

<coverage line-rate="0.42857142857142855" branch-rate="0.35714285714285715" lines-covered="225" lines-valid="525" branches-covered="20" branches-valid="56" complexity="1.1592039800995024" version="2.0.3" timestamp="1448595857676">
	<sources>
		<source>--source</source>
		<source>C:/Users/ElenaAndSergey/IdeaProjects/gateway/src/main/java</source>
	</sources>
	<packages>
		<package name="com" line-rate="0.0" branch-rate="0.0" complexity="1.3">
			<classes>
				<class name="com.CORSFilter" filename="com/CORSFilter.java" line-rate="0.0" branch-rate="0.0" complexity="3.0">
					<methods>
						<method name="&lt;init&gt;" signature="()V" line-rate="0.0" branch-rate="1.0">
							<lines>
								<line number="32" hits="0" branch="false"/>
							</lines>
						</method>
						<method name="destroy" signature="()V" line-rate="0.0" branch-rate="1.0">
							<lines>
								<line number="56" hits="0" branch="false"/>
							</lines>
						</method>
						<method name="doFilter" signature="(Ljavax/servlet/ServletRequest;Ljavax/servlet/ServletResponse;Ljavax/servlet/FilterChain;)V" line-rate="0.0" branch-rate="0.0">
							<lines>
								<line number="35" hits="0" branch="false"/>
								<line number="37" hits="0" branch="true" condition-coverage="0% (0/2)">
									<conditions>
										<condition number="0" type="jump" coverage="0%"/>
									</conditions>
								</line>
								<line number="38" hits="0" branch="true" condition-coverage="0% (0/4)">
									<conditions>
										<condition number="0" type="jump" coverage="0%"/>
										<condition number="1" type="jump" coverage="0%"/>
									</conditions>
								</line>
								<line number="39" hits="0" branch="false"/>
								<line number="41" hits="0" branch="true" condition-coverage="0% (0/6)">
									<conditions>
										<condition number="0" type="jump" coverage="0%"/>
										<condition number="1" type="jump" coverage="0%"/>
										<condition number="2" type="jump" coverage="0%"/>
									</conditions>
								</line>
								<line number="42" hits="0" branch="false"/>
								<line number="47" hits="0" branch="false"/>
								<line number="48" hits="0" branch="false"/>
								<line number="49" hits="0" branch="false"/>
								<line number="50" hits="0" branch="false"/>
								<line number="51" hits="0" branch="false"/>
								<line number="52" hits="0" branch="false"/>
							</lines>
						</method>
						<method name="init" signature="(Ljavax/servlet/FilterConfig;)V" line-rate="0.0" branch-rate="1.0">
							<lines>
								<line number="54" hits="0" branch="false"/>
							</lines>
						</method>
					</methods>
					<lines>
						<line number="32" hits="0" branch="false"/>
						<line number="35" hits="0" branch="false"/>
						<line number="37" hits="0" branch="true" condition-coverage="0% (0/2)">
							<conditions>
								<condition number="0" type="jump" coverage="0%"/>
							</conditions>
						</line>
						<line number="38" hits="0" branch="true" condition-coverage="0% (0/4)">
							<conditions>
								<condition number="0" type="jump" coverage="0%"/>
								<condition number="1" type="jump" coverage="0%"/>
							</conditions>
						</line>
						<line number="39" hits="0" branch="false"/>
						<line number="41" hits="0" branch="true" condition-coverage="0% (0/6)">
							<conditions>
								<condition number="0" type="jump" coverage="0%"/>
								<condition number="1" type="jump" coverage="0%"/>
								<condition number="2" type="jump" coverage="0%"/>
							</conditions>
						</line>
						<line number="42" hits="0" branch="false"/>
						<line number="47" hits="0" branch="false"/>
						<line number="48" hits="0" branch="false"/>
						<line number="49" hits="0" branch="false"/>
						<line number="50" hits="0" branch="false"/>
						<line number="51" hits="0" branch="false"/>
						<line number="52" hits="0" branch="false"/>
						<line number="54" hits="0" branch="false"/>
						<line number="56" hits="0" branch="false"/>
					</lines>
				</class>
				<class name="com.GatewayApplication" filename="com/GatewayApplication.java" line-rate="0.0" branch-rate="1.0" complexity="1.0">
					<methods>
						<method name="&lt;init&gt;" signature="()V" line-rate="0.0" branch-rate="1.0">
							<lines>
								<line number="78" hits="0" branch="false"/>
								<line number="248" hits="0" branch="false"/>
							</lines>
						</method>
						<method name="auditorProvider" signature="()Lorg/springframework/data/domain/AuditorAware;" line-rate="0.0" branch-rate="1.0">
							<lines>
								<line number="139" hits="0" branch="false"/>
							</lines>
						</method>
						<method name="configure" signature="(Lorg/springframework/boot/builder/SpringApplicationBuilder;)Lorg/springframework/boot/builder/SpringApplicationBuilder;" line-rate="0.0" branch-rate="1.0">
							<lines>
								<line number="241" hits="0" branch="false"/>
							</lines>
						</method>
						<method name="dataSource" signature="()Ljavax/sql/DataSource;" line-rate="0.0" branch-rate="1.0">
							<lines>
								<line number="128" hits="0" branch="false"/>
								<line number="129" hits="0" branch="false"/>
								<line number="130" hits="0" branch="false"/>
								<line number="131" hits="0" branch="false"/>
								<line number="132" hits="0" branch="false"/>
								<line number="134" hits="0" branch="false"/>
							</lines>
						</method>
						<method name="emailTemplateResolver" signature="()Lorg/thymeleaf/templateresolver/ClassLoaderTemplateResolver;" line-rate="0.0" branch-rate="1.0">
							<lines>
								<line number="224" hits="0" branch="false"/>
								<line number="226" hits="0" branch="false"/>
								<line number="227" hits="0" branch="false"/>
								<line number="228" hits="0" branch="false"/>
								<line number="229" hits="0" branch="false"/>
								<line number="230" hits="0" branch="false"/>
							</lines>
						</method>
						<method name="entityManagerFactory" signature="()Ljavax/persistence/EntityManagerFactory;" line-rate="0.0" branch-rate="1.0">
							<lines>
								<line number="155" hits="0" branch="false"/>
								<line number="156" hits="0" branch="false"/>
								<line number="157" hits="0" branch="false"/>
								<line number="158" hits="0" branch="false"/>
								<line number="159" hits="0" branch="false"/>
								<line number="161" hits="0" branch="false"/>
								<line number="162" hits="0" branch="false"/>
								<line number="163" hits="0" branch="false"/>
								<line number="164" hits="0" branch="false"/>
								<line number="165" hits="0" branch="false"/>
								<line number="167" hits="0" branch="false"/>
							</lines>
						</method>
						<method name="jpaVendorAdapter" signature="()Lorg/springframework/orm/jpa/JpaVendorAdapter;" line-rate="0.0" branch-rate="1.0">
							<lines>
								<line number="144" hits="0" branch="false"/>
								<line number="145" hits="0" branch="false"/>
								<line number="146" hits="0" branch="false"/>
								<line number="147" hits="0" branch="false"/>
								<line number="148" hits="0" branch="false"/>
								<line number="149" hits="0" branch="false"/>
							</lines>
						</method>
						<method name="localValidatorFactoryBean" signature="()Ljavax/validation/Validator;" line-rate="0.0" branch-rate="1.0">
							<lines>
								<line number="172" hits="0" branch="false"/>
								<line number="173" hits="0" branch="false"/>
								<line number="174" hits="0" branch="false"/>
								<line number="175" hits="0" branch="false"/>
								<line number="176" hits="0" branch="false"/>
							</lines>
						</method>
						<method name="localeResolver" signature="()Lorg/springframework/web/servlet/LocaleResolver;" line-rate="0.0" branch-rate="1.0">
							<lines>
								<line number="181" hits="0" branch="false"/>
								<line number="182" hits="0" branch="false"/>
								<line number="183" hits="0" branch="false"/>
								<line number="184" hits="0" branch="false"/>
								<line number="185" hits="0" branch="false"/>
							</lines>
						</method>
						<method name="mailSender" signature="()Lorg/springframework/mail/javamail/JavaMailSender;" line-rate="0.0" branch-rate="1.0">
							<lines>
								<line number="204" hits="0" branch="false"/>
								<line number="206" hits="0" branch="false"/>
								<line number="207" hits="0" branch="false"/>
								<line number="208" hits="0" branch="false"/>
								<line number="209" hits="0" branch="false"/>
								<line number="210" hits="0" branch="false"/>
								<line number="212" hits="0" branch="false"/>
								<line number="213" hits="0" branch="false"/>
								<line number="214" hits="0" branch="false"/>
								<line number="215" hits="0" branch="false"/>
								<line number="216" hits="0" branch="false"/>
								<line number="217" hits="0" branch="false"/>
								<line number="219" hits="0" branch="false"/>
							</lines>
						</method>
						<method name="main" signature="([Ljava/lang/String;)V" line-rate="0.0" branch-rate="1.0">
							<lines>
								<line number="245" hits="0" branch="false"/>
								<line number="246" hits="0" branch="false"/>
							</lines>
						</method>
						<method name="messageSource" signature="()Lorg/springframework/context/MessageSource;" line-rate="0.0" branch-rate="1.0">
							<lines>
								<line number="191" hits="0" branch="false"/>
								<line number="192" hits="0" branch="false"/>
								<line number="195" hits="0" branch="false"/>
								<line number="196" hits="0" branch="false"/>
								<line number="198" hits="0" branch="false"/>
								<line number="199" hits="0" branch="false"/>
							</lines>
						</method>
						<method name="templateEngine" signature="()Lorg/thymeleaf/spring3/SpringTemplateEngine;" line-rate="0.0" branch-rate="1.0">
							<lines>
								<line number="235" hits="0" branch="false"/>
								<line number="236" hits="0" branch="false"/>
							</lines>
						</method>
						<method name="user" signature="(Ljava/security/Principal;)Ljava/security/Principal;" line-rate="0.0" branch-rate="1.0">
							<lines>
								<line number="306" hits="0" branch="false"/>
							</lines>
						</method>
					</methods>
					<lines>
						<line number="78" hits="0" branch="false"/>
						<line number="128" hits="0" branch="false"/>
						<line number="129" hits="0" branch="false"/>
						<line number="130" hits="0" branch="false"/>
						<line number="131" hits="0" branch="false"/>
						<line number="132" hits="0" branch="false"/>
						<line number="134" hits="0" branch="false"/>
						<line number="139" hits="0" branch="false"/>
						<line number="144" hits="0" branch="false"/>
						<line number="145" hits="0" branch="false"/>
						<line number="146" hits="0" branch="false"/>
						<line number="147" hits="0" branch="false"/>
						<line number="148" hits="0" branch="false"/>
						<line number="149" hits="0" branch="false"/>
						<line number="155" hits="0" branch="false"/>
						<line number="156" hits="0" branch="false"/>
						<line number="157" hits="0" branch="false"/>
						<line number="158" hits="0" branch="false"/>
						<line number="159" hits="0" branch="false"/>
						<line number="161" hits="0" branch="false"/>
						<line number="162" hits="0" branch="false"/>
						<line number="163" hits="0" branch="false"/>
						<line number="164" hits="0" branch="false"/>
						<line number="165" hits="0" branch="false"/>
						<line number="167" hits="0" branch="false"/>
						<line number="172" hits="0" branch="false"/>
						<line number="173" hits="0" branch="false"/>
						<line number="174" hits="0" branch="false"/>
						<line number="175" hits="0" branch="false"/>
						<line number="176" hits="0" branch="false"/>
						<line number="181" hits="0" branch="false"/>
						<line number="182" hits="0" branch="false"/>
						<line number="183" hits="0" branch="false"/>
						<line number="184" hits="0" branch="false"/>
						<line number="185" hits="0" branch="false"/>
						<line number="191" hits="0" branch="false"/>
						<line number="192" hits="0" branch="false"/>
						<line number="195" hits="0" branch="false"/>
						<line number="196" hits="0" branch="false"/>
						<line number="198" hits="0" branch="false"/>
						<line number="199" hits="0" branch="false"/>
						<line number="204" hits="0" branch="false"/>
						<line number="206" hits="0" branch="false"/>
						<line number="207" hits="0" branch="false"/>
						<line number="208" hits="0" branch="false"/>
						<line number="209" hits="0" branch="false"/>
						<line number="210" hits="0" branch="false"/>
						<line number="212" hits="0" branch="false"/>
						<line number="213" hits="0" branch="false"/>
						<line number="214" hits="0" branch="false"/>
						<line number="215" hits="0" branch="false"/>
						<line number="216" hits="0" branch="false"/>
						<line number="217" hits="0" branch="false"/>
						<line number="219" hits="0" branch="false"/>
						<line number="224" hits="0" branch="false"/>
						<line number="226" hits="0" branch="false"/>
						<line number="227" hits="0" branch="false"/>
						<line number="228" hits="0" branch="false"/>
						<line number="229" hits="0" branch="false"/>
						<line number="230" hits="0" branch="false"/>
						<line number="235" hits="0" branch="false"/>
						<line number="236" hits="0" branch="false"/>
						<line number="241" hits="0" branch="false"/>
						<line number="245" hits="0" branch="false"/>
						<line number="246" hits="0" branch="false"/>
						<line number="248" hits="0" branch="false"/>
						<line number="306" hits="0" branch="false"/>
					</lines>
				</class>
				<class name="com.GatewayApplication$1" filename="com/GatewayApplication.java" line-rate="1.0" branch-rate="1.0" complexity="1.0">
					<methods>
					</methods>
					<lines>
					</lines>
				</class>
				<class name="com.GatewayApplication$SecurityConfiguration" filename="com/GatewayApplication.java" line-rate="0.0" branch-rate="1.0" complexity="1.0">
					<methods>
						<method name="&lt;init&gt;" signature="()V" line-rate="0.0" branch-rate="1.0">
							<lines>
								<line number="250" hits="0" branch="false"/>
							</lines>
						</method>
						<method name="configure" signature="(Lorg/springframework/security/config/annotation/authentication/builders/AuthenticationManagerBuilder;)V" line-rate="0.0" branch-rate="1.0">
							<lines>
								<line number="295" hits="0" branch="false"/>
								<line number="297" hits="0" branch="false"/>
								<line number="298" hits="0" branch="false"/>
								<line number="299" hits="0" branch="false"/>
								<line number="300" hits="0" branch="false"/>
								<line number="301" hits="0" branch="false"/>
							</lines>
						</method>
						<method name="configure" signature="(Lorg/springframework/security/config/annotation/web/builders/HttpSecurity;)V" line-rate="0.0" branch-rate="1.0">
							<lines>
								<line number="254" hits="0" branch="false"/>
								<line number="268" hits="0" branch="false"/>
							</lines>
						</method>
						<method name="dataSource" signature="()Ljavax/sql/DataSource;" line-rate="0.0" branch-rate="1.0">
							<lines>
								<line number="284" hits="0" branch="false"/>
								<line number="285" hits="0" branch="false"/>
								<line number="286" hits="0" branch="false"/>
								<line number="287" hits="0" branch="false"/>
								<line number="288" hits="0" branch="false"/>
								<line number="290" hits="0" branch="false"/>
							</lines>
						</method>
					</methods>
					<lines>
						<line number="250" hits="0" branch="false"/>
						<line number="254" hits="0" branch="false"/>
						<line number="268" hits="0" branch="false"/>
						<line number="284" hits="0" branch="false"/>
						<line number="285" hits="0" branch="false"/>
						<line number="286" hits="0" branch="false"/>
						<line number="287" hits="0" branch="false"/>
						<line number="288" hits="0" branch="false"/>
						<line number="290" hits="0" branch="false"/>
						<line number="295" hits="0" branch="false"/>
						<line number="297" hits="0" branch="false"/>
						<line number="298" hits="0" branch="false"/>
						<line number="299" hits="0" branch="false"/>
						<line number="300" hits="0" branch="false"/>
						<line number="301" hits="0" branch="false"/>
					</lines>
				</class>
				<class name="com.GatewayApplication$SpringSecurityAuditorAware" filename="com/GatewayApplication.java" line-rate="0.0" branch-rate="1.0" complexity="1.0">
					<methods>
						<method name="&lt;init&gt;" signature="(Lcom/GatewayApplication;)V" line-rate="1.0" branch-rate="1.0">
							<lines>
							</lines>
						</method>
						<method name="&lt;init&gt;" signature="(Lcom/GatewayApplication;Lcom/GatewayApplication$1;)V" line-rate="0.0" branch-rate="1.0">
							<lines>
								<line number="118" hits="0" branch="false"/>
							</lines>
						</method>
						<method name="getCurrentAuditor" signature="()Ljava/lang/Object;" line-rate="1.0" branch-rate="1.0">
							<lines>
							</lines>
						</method>
						<method name="getCurrentAuditor" signature="()Ljava/lang/String;" line-rate="0.0" branch-rate="1.0">
							<lines>
								<line number="121" hits="0" branch="false"/>
								<line number="122" hits="0" branch="false"/>
							</lines>
						</method>
					</methods>
					<lines>
						<line number="118" hits="0" branch="false"/>
						<line number="121" hits="0" branch="false"/>
						<line number="122" hits="0" branch="false"/>
					</lines>
				</class>
			</classes>
		</package>
		<package name="com.config" line-rate="0.0" branch-rate="1.0" complexity="1.0">
			<classes>
				<class name="com.config.Config" filename="com/config/Config.java" line-rate="0.0" branch-rate="1.0" complexity="1.0">
					<methods>
						<method name="&lt;init&gt;" signature="()V" line-rate="0.0" branch-rate="1.0">
							<lines>
								<line number="31" hits="0" branch="false"/>
							</lines>
						</method>
						<method name="getGatewayHost" signature="()Ljava/lang/String;" line-rate="0.0" branch-rate="1.0">
							<lines>
								<line number="45" hits="0" branch="false"/>
							</lines>
						</method>
						<method name="getGatewayPort" signature="()Ljava/lang/String;" line-rate="0.0" branch-rate="1.0">
							<lines>
								<line number="53" hits="0" branch="false"/>
							</lines>
						</method>
						<method name="getMainAppHost" signature="()Ljava/lang/String;" line-rate="0.0" branch-rate="1.0">
							<lines>
								<line number="61" hits="0" branch="false"/>
							</lines>
						</method>
						<method name="getMainAppPort" signature="()Ljava/lang/String;" line-rate="0.0" branch-rate="1.0">
							<lines>
								<line number="69" hits="0" branch="false"/>
							</lines>
						</method>
						<method name="setGatewayHost" signature="(Ljava/lang/String;)V" line-rate="0.0" branch-rate="1.0">
							<lines>
								<line number="49" hits="0" branch="false"/>
								<line number="50" hits="0" branch="false"/>
							</lines>
						</method>
						<method name="setGatewayPort" signature="(Ljava/lang/String;)V" line-rate="0.0" branch-rate="1.0">
							<lines>
								<line number="57" hits="0" branch="false"/>
								<line number="58" hits="0" branch="false"/>
							</lines>
						</method>
						<method name="setMainAppHost" signature="(Ljava/lang/String;)V" line-rate="0.0" branch-rate="1.0">
							<lines>
								<line number="65" hits="0" branch="false"/>
								<line number="66" hits="0" branch="false"/>
							</lines>
						</method>
						<method name="setMainAppPort" signature="(Ljava/lang/String;)V" line-rate="0.0" branch-rate="1.0">
							<lines>
								<line number="73" hits="0" branch="false"/>
								<line number="74" hits="0" branch="false"/>
							</lines>
						</method>
					</methods>
					<lines>
						<line number="31" hits="0" branch="false"/>
						<line number="45" hits="0" branch="false"/>
						<line number="49" hits="0" branch="false"/>
						<line number="50" hits="0" branch="false"/>
						<line number="53" hits="0" branch="false"/>
						<line number="57" hits="0" branch="false"/>
						<line number="58" hits="0" branch="false"/>
						<line number="61" hits="0" branch="false"/>
						<line number="65" hits="0" branch="false"/>
						<line number="66" hits="0" branch="false"/>
						<line number="69" hits="0" branch="false"/>
						<line number="73" hits="0" branch="false"/>
						<line number="74" hits="0" branch="false"/>
					</lines>
				</class>
			</classes>
		</package>
		<package name="com.dto" line-rate="0.45918367346938777" branch-rate="1.0" complexity="1.0">
			<classes>
				<class name="com.dto.GroupRequestDto" filename="com/dto/GroupRequestDto.java" line-rate="1.0" branch-rate="1.0" complexity="1.0">
					<methods>
						<method name="&lt;init&gt;" signature="()V" line-rate="1.0" branch-rate="1.0">
							<lines>
								<line number="31" hits="1" branch="false"/>
							</lines>
						</method>
						<method name="getGroupGuid" signature="()Ljava/lang/String;" line-rate="1.0" branch-rate="1.0">
							<lines>
								<line number="49" hits="3" branch="false"/>
							</lines>
						</method>
						<method name="getGroupName" signature="()Ljava/lang/String;" line-rate="1.0" branch-rate="1.0">
							<lines>
								<line number="41" hits="1" branch="false"/>
							</lines>
						</method>
						<method name="setGroupGuid" signature="(Ljava/lang/String;)V" line-rate="1.0" branch-rate="1.0">
							<lines>
								<line number="53" hits="1" branch="false"/>
								<line number="54" hits="1" branch="false"/>
							</lines>
						</method>
						<method name="setGroupName" signature="(Ljava/lang/String;)V" line-rate="1.0" branch-rate="1.0">
							<lines>
								<line number="45" hits="1" branch="false"/>
								<line number="46" hits="1" branch="false"/>
							</lines>
						</method>
					</methods>
					<lines>
						<line number="31" hits="1" branch="false"/>
						<line number="41" hits="1" branch="false"/>
						<line number="45" hits="1" branch="false"/>
						<line number="46" hits="1" branch="false"/>
						<line number="49" hits="3" branch="false"/>
						<line number="53" hits="1" branch="false"/>
						<line number="54" hits="1" branch="false"/>
					</lines>
				</class>
				<class name="com.dto.InitiateResetPasswordRequestDto" filename="com/dto/InitiateResetPasswordRequestDto.java" line-rate="1.0" branch-rate="1.0" complexity="1.0">
					<methods>
						<method name="&lt;init&gt;" signature="()V" line-rate="1.0" branch-rate="1.0">
							<lines>
								<line number="12" hits="10" branch="false"/>
							</lines>
						</method>
						<method name="getEmail" signature="()Ljava/lang/String;" line-rate="1.0" branch-rate="1.0">
							<lines>
								<line number="19" hits="2" branch="false"/>
							</lines>
						</method>
						<method name="setEmail" signature="(Ljava/lang/String;)V" line-rate="1.0" branch-rate="1.0">
							<lines>
								<line number="23" hits="2" branch="false"/>
								<line number="24" hits="2" branch="false"/>
							</lines>
						</method>
					</methods>
					<lines>
						<line number="12" hits="10" branch="false"/>
						<line number="19" hits="2" branch="false"/>
						<line number="23" hits="2" branch="false"/>
						<line number="24" hits="2" branch="false"/>
					</lines>
				</class>
				<class name="com.dto.InvitationRequestDto" filename="com/dto/InvitationRequestDto.java" line-rate="0.46153846153846156" branch-rate="1.0" complexity="1.0">
					<methods>
						<method name="&lt;init&gt;" signature="()V" line-rate="1.0" branch-rate="1.0">
							<lines>
								<line number="34" hits="1" branch="false"/>
							</lines>
						</method>
						<method name="getAuthority" signature="()Ljava/lang/String;" line-rate="1.0" branch-rate="1.0">
							<lines>
								<line number="68" hits="1" branch="false"/>
							</lines>
						</method>
						<method name="getGroups" signature="()Ljava/util/List;" line-rate="1.0" branch-rate="1.0">
							<lines>
								<line number="76" hits="1" branch="false"/>
							</lines>
						</method>
						<method name="getProjectGuid" signature="()Ljava/lang/String;" line-rate="0.0" branch-rate="1.0">
							<lines>
								<line number="60" hits="0" branch="false"/>
							</lines>
						</method>
						<method name="getRecipientEmail" signature="()Ljava/lang/String;" line-rate="1.0" branch-rate="1.0">
							<lines>
								<line number="52" hits="1" branch="false"/>
							</lines>
						</method>
						<method name="setAuthority" signature="(Ljava/lang/String;)V" line-rate="0.0" branch-rate="1.0">
							<lines>
								<line number="72" hits="0" branch="false"/>
								<line number="73" hits="0" branch="false"/>
							</lines>
						</method>
						<method name="setGroups" signature="(Ljava/util/List;)V" line-rate="1.0" branch-rate="1.0">
							<lines>
								<line number="80" hits="1" branch="false"/>
								<line number="81" hits="1" branch="false"/>
							</lines>
						</method>
						<method name="setProjectGuid" signature="(Ljava/lang/String;)V" line-rate="0.0" branch-rate="1.0">
							<lines>
								<line number="64" hits="0" branch="false"/>
								<line number="65" hits="0" branch="false"/>
							</lines>
						</method>
						<method name="setRecipientEmail" signature="(Ljava/lang/String;)V" line-rate="0.0" branch-rate="1.0">
							<lines>
								<line number="56" hits="0" branch="false"/>
								<line number="57" hits="0" branch="false"/>
							</lines>
						</method>
					</methods>
					<lines>
						<line number="34" hits="1" branch="false"/>
						<line number="52" hits="1" branch="false"/>
						<line number="56" hits="0" branch="false"/>
						<line number="57" hits="0" branch="false"/>
						<line number="60" hits="0" branch="false"/>
						<line number="64" hits="0" branch="false"/>
						<line number="65" hits="0" branch="false"/>
						<line number="68" hits="1" branch="false"/>
						<line number="72" hits="0" branch="false"/>
						<line number="73" hits="0" branch="false"/>
						<line number="76" hits="1" branch="false"/>
						<line number="80" hits="1" branch="false"/>
						<line number="81" hits="1" branch="false"/>
					</lines>
				</class>
				<class name="com.dto.InvitationResponseDto" filename="com/dto/InvitationResponseDto.java" line-rate="0.0" branch-rate="1.0" complexity="1.0">
					<methods>
						<method name="&lt;init&gt;" signature="()V" line-rate="0.0" branch-rate="1.0">
							<lines>
								<line number="29" hits="0" branch="false"/>
							</lines>
						</method>
						<method name="getCreatedAt" signature="()Ljava/util/Date;" line-rate="0.0" branch-rate="1.0">
							<lines>
								<line number="62" hits="0" branch="false"/>
							</lines>
						</method>
						<method name="getCreatedBy" signature="()Ljava/lang/String;" line-rate="0.0" branch-rate="1.0">
							<lines>
								<line number="46" hits="0" branch="false"/>
							</lines>
						</method>
						<method name="getInvtitationGuid" signature="()Ljava/lang/String;" line-rate="0.0" branch-rate="1.0">
							<lines>
								<line number="38" hits="0" branch="false"/>
							</lines>
						</method>
						<method name="getProjectDescription" signature="()Ljava/lang/String;" line-rate="0.0" branch-rate="1.0">
							<lines>
								<line number="54" hits="0" branch="false"/>
							</lines>
						</method>
						<method name="setCreatedAt" signature="(Ljava/util/Date;)V" line-rate="0.0" branch-rate="1.0">
							<lines>
								<line number="66" hits="0" branch="false"/>
								<line number="67" hits="0" branch="false"/>
							</lines>
						</method>
						<method name="setCreatedBy" signature="(Ljava/lang/String;)V" line-rate="0.0" branch-rate="1.0">
							<lines>
								<line number="50" hits="0" branch="false"/>
								<line number="51" hits="0" branch="false"/>
							</lines>
						</method>
						<method name="setInvtitationGuid" signature="(Ljava/lang/String;)V" line-rate="0.0" branch-rate="1.0">
							<lines>
								<line number="42" hits="0" branch="false"/>
								<line number="43" hits="0" branch="false"/>
							</lines>
						</method>
						<method name="setProjectDescription" signature="(Ljava/lang/String;)V" line-rate="0.0" branch-rate="1.0">
							<lines>
								<line number="58" hits="0" branch="false"/>
								<line number="59" hits="0" branch="false"/>
							</lines>
						</method>
					</methods>
					<lines>
						<line number="29" hits="0" branch="false"/>
						<line number="38" hits="0" branch="false"/>
						<line number="42" hits="0" branch="false"/>
						<line number="43" hits="0" branch="false"/>
						<line number="46" hits="0" branch="false"/>
						<line number="50" hits="0" branch="false"/>
						<line number="51" hits="0" branch="false"/>
						<line number="54" hits="0" branch="false"/>
						<line number="58" hits="0" branch="false"/>
						<line number="59" hits="0" branch="false"/>
						<line number="62" hits="0" branch="false"/>
						<line number="66" hits="0" branch="false"/>
						<line number="67" hits="0" branch="false"/>
					</lines>
				</class>
				<class name="com.dto.ProjectGroupRequestDto" filename="com/dto/ProjectGroupRequestDto.java" line-rate="0.0" branch-rate="1.0" complexity="1.0">
					<methods>
						<method name="&lt;init&gt;" signature="()V" line-rate="0.0" branch-rate="1.0">
							<lines>
								<line number="32" hits="0" branch="false"/>
							</lines>
						</method>
						<method name="getGroups" signature="()Ljava/util/List;" line-rate="0.0" branch-rate="1.0">
							<lines>
								<line number="50" hits="0" branch="false"/>
							</lines>
						</method>
						<method name="getProjectGuid" signature="()Ljava/lang/String;" line-rate="0.0" branch-rate="1.0">
							<lines>
								<line number="42" hits="0" branch="false"/>
							</lines>
						</method>
						<method name="setGroups" signature="(Ljava/util/List;)V" line-rate="0.0" branch-rate="1.0">
							<lines>
								<line number="54" hits="0" branch="false"/>
								<line number="55" hits="0" branch="false"/>
							</lines>
						</method>
						<method name="setProjectGuid" signature="(Ljava/lang/String;)V" line-rate="0.0" branch-rate="1.0">
							<lines>
								<line number="46" hits="0" branch="false"/>
								<line number="47" hits="0" branch="false"/>
							</lines>
						</method>
					</methods>
					<lines>
						<line number="32" hits="0" branch="false"/>
						<line number="42" hits="0" branch="false"/>
						<line number="46" hits="0" branch="false"/>
						<line number="47" hits="0" branch="false"/>
						<line number="50" hits="0" branch="false"/>
						<line number="54" hits="0" branch="false"/>
						<line number="55" hits="0" branch="false"/>
					</lines>
				</class>
				<class name="com.dto.ProjectRequestDto" filename="com/dto/ProjectRequestDto.java" line-rate="1.0" branch-rate="1.0" complexity="1.0">
					<methods>
						<method name="&lt;init&gt;" signature="()V" line-rate="1.0" branch-rate="1.0">
							<lines>
								<line number="32" hits="1" branch="false"/>
							</lines>
						</method>
						<method name="getDescription" signature="()Ljava/lang/String;" line-rate="1.0" branch-rate="1.0">
							<lines>
								<line number="43" hits="1" branch="false"/>
							</lines>
						</method>
						<method name="getGroups" signature="()Ljava/util/List;" line-rate="1.0" branch-rate="1.0">
							<lines>
								<line number="51" hits="1" branch="false"/>
							</lines>
						</method>
						<method name="getInvitations" signature="()Ljava/util/List;" line-rate="1.0" branch-rate="1.0">
							<lines>
								<line number="59" hits="1" branch="false"/>
							</lines>
						</method>
						<method name="setDescription" signature="(Ljava/lang/String;)V" line-rate="1.0" branch-rate="1.0">
							<lines>
								<line number="47" hits="1" branch="false"/>
								<line number="48" hits="1" branch="false"/>
							</lines>
						</method>
						<method name="setGroups" signature="(Ljava/util/List;)V" line-rate="1.0" branch-rate="1.0">
							<lines>
								<line number="55" hits="1" branch="false"/>
								<line number="56" hits="1" branch="false"/>
							</lines>
						</method>
						<method name="setInvitations" signature="(Ljava/util/List;)V" line-rate="1.0" branch-rate="1.0">
							<lines>
								<line number="63" hits="1" branch="false"/>
								<line number="64" hits="1" branch="false"/>
							</lines>
						</method>
					</methods>
					<lines>
						<line number="32" hits="1" branch="false"/>
						<line number="43" hits="1" branch="false"/>
						<line number="47" hits="1" branch="false"/>
						<line number="48" hits="1" branch="false"/>
						<line number="51" hits="1" branch="false"/>
						<line number="55" hits="1" branch="false"/>
						<line number="56" hits="1" branch="false"/>
						<line number="59" hits="1" branch="false"/>
						<line number="63" hits="1" branch="false"/>
						<line number="64" hits="1" branch="false"/>
					</lines>
				</class>
				<class name="com.dto.ProjectResponseDto" filename="com/dto/ProjectResponseDto.java" line-rate="0.0" branch-rate="1.0" complexity="1.0">
					<methods>
						<method name="&lt;init&gt;" signature="()V" line-rate="0.0" branch-rate="1.0">
							<lines>
								<line number="27" hits="0" branch="false"/>
							</lines>
						</method>
						<method name="getDescription" signature="()Ljava/lang/String;" line-rate="0.0" branch-rate="1.0">
							<lines>
								<line number="40" hits="0" branch="false"/>
							</lines>
						</method>
						<method name="getProjectGuid" signature="()Ljava/lang/String;" line-rate="0.0" branch-rate="1.0">
							<lines>
								<line number="32" hits="0" branch="false"/>
							</lines>
						</method>
						<method name="setDescription" signature="(Ljava/lang/String;)V" line-rate="0.0" branch-rate="1.0">
							<lines>
								<line number="44" hits="0" branch="false"/>
								<line number="45" hits="0" branch="false"/>
							</lines>
						</method>
						<method name="setProjectGuid" signature="(Ljava/lang/String;)V" line-rate="0.0" branch-rate="1.0">
							<lines>
								<line number="36" hits="0" branch="false"/>
								<line number="37" hits="0" branch="false"/>
							</lines>
						</method>
					</methods>
					<lines>
						<line number="27" hits="0" branch="false"/>
						<line number="32" hits="0" branch="false"/>
						<line number="36" hits="0" branch="false"/>
						<line number="37" hits="0" branch="false"/>
						<line number="40" hits="0" branch="false"/>
						<line number="44" hits="0" branch="false"/>
						<line number="45" hits="0" branch="false"/>
					</lines>
				</class>
				<class name="com.dto.ResetPasswordRequestDto" filename="com/dto/ResetPasswordRequestDto.java" line-rate="1.0" branch-rate="1.0" complexity="1.0">
					<methods>
						<method name="&lt;init&gt;" signature="()V" line-rate="1.0" branch-rate="1.0">
							<lines>
								<line number="32" hits="10" branch="false"/>
							</lines>
						</method>
						<method name="getNewPassword" signature="()Ljava/lang/String;" line-rate="1.0" branch-rate="1.0">
							<lines>
								<line number="39" hits="1" branch="false"/>
							</lines>
						</method>
						<method name="setNewPassword" signature="(Ljava/lang/String;)V" line-rate="1.0" branch-rate="1.0">
							<lines>
								<line number="42" hits="10" branch="false"/>
								<line number="43" hits="10" branch="false"/>
							</lines>
						</method>
					</methods>
					<lines>
						<line number="32" hits="10" branch="false"/>
						<line number="39" hits="1" branch="false"/>
						<line number="42" hits="10" branch="false"/>
						<line number="43" hits="10" branch="false"/>
					</lines>
				</class>
				<class name="com.dto.UserPasswordRequestDto" filename="com/dto/UserPasswordRequestDto.java" line-rate="1.0" branch-rate="1.0" complexity="1.0">
					<methods>
						<method name="&lt;init&gt;" signature="()V" line-rate="1.0" branch-rate="1.0">
							<lines>
								<line number="32" hits="10" branch="false"/>
							</lines>
						</method>
						<method name="getCurrentPassword" signature="()Ljava/lang/String;" line-rate="1.0" branch-rate="1.0">
							<lines>
								<line number="43" hits="2" branch="false"/>
							</lines>
						</method>
						<method name="getNewPassword" signature="()Ljava/lang/String;" line-rate="1.0" branch-rate="1.0">
							<lines>
								<line number="50" hits="1" branch="false"/>
							</lines>
						</method>
						<method name="setCurrentPassword" signature="(Ljava/lang/String;)V" line-rate="1.0" branch-rate="1.0">
							<lines>
								<line number="46" hits="10" branch="false"/>
								<line number="47" hits="10" branch="false"/>
							</lines>
						</method>
						<method name="setNewPassword" signature="(Ljava/lang/String;)V" line-rate="1.0" branch-rate="1.0">
							<lines>
								<line number="53" hits="10" branch="false"/>
								<line number="54" hits="10" branch="false"/>
							</lines>
						</method>
					</methods>
					<lines>
						<line number="32" hits="10" branch="false"/>
						<line number="43" hits="2" branch="false"/>
						<line number="46" hits="10" branch="false"/>
						<line number="47" hits="10" branch="false"/>
						<line number="50" hits="1" branch="false"/>
						<line number="53" hits="10" branch="false"/>
						<line number="54" hits="10" branch="false"/>
					</lines>
				</class>
				<class name="com.dto.UserRequestDto" filename="com/dto/UserRequestDto.java" line-rate="0.5384615384615384" branch-rate="1.0" complexity="1.0">
					<methods>
						<method name="&lt;init&gt;" signature="()V" line-rate="1.0" branch-rate="1.0">
							<lines>
								<line number="33" hits="10" branch="false"/>
							</lines>
						</method>
						<method name="getFirstName" signature="()Ljava/lang/String;" line-rate="1.0" branch-rate="1.0">
							<lines>
								<line number="61" hits="1" branch="false"/>
							</lines>
						</method>
						<method name="getLastName" signature="()Ljava/lang/String;" line-rate="1.0" branch-rate="1.0">
							<lines>
								<line number="68" hits="1" branch="false"/>
							</lines>
						</method>
						<method name="getPassword" signature="()Ljava/lang/String;" line-rate="1.0" branch-rate="1.0">
							<lines>
								<line number="75" hits="2" branch="false"/>
							</lines>
						</method>
						<method name="getUsername" signature="()Ljava/lang/String;" line-rate="1.0" branch-rate="1.0">
							<lines>
								<line number="54" hits="3" branch="false"/>
							</lines>
						</method>
						<method name="setFirstName" signature="(Ljava/lang/String;)V" line-rate="0.0" branch-rate="1.0">
							<lines>
								<line number="64" hits="0" branch="false"/>
								<line number="65" hits="0" branch="false"/>
							</lines>
						</method>
						<method name="setLastName" signature="(Ljava/lang/String;)V" line-rate="0.0" branch-rate="1.0">
							<lines>
								<line number="71" hits="0" branch="false"/>
								<line number="72" hits="0" branch="false"/>
							</lines>
						</method>
						<method name="setPassword" signature="(Ljava/lang/String;)V" line-rate="1.0" branch-rate="1.0">
							<lines>
								<line number="78" hits="2" branch="false"/>
								<line number="79" hits="2" branch="false"/>
							</lines>
						</method>
						<method name="setUsername" signature="(Ljava/lang/String;)V" line-rate="0.0" branch-rate="1.0">
							<lines>
								<line number="57" hits="0" branch="false"/>
								<line number="58" hits="0" branch="false"/>
							</lines>
						</method>
					</methods>
					<lines>
						<line number="33" hits="10" branch="false"/>
						<line number="54" hits="3" branch="false"/>
						<line number="57" hits="0" branch="false"/>
						<line number="58" hits="0" branch="false"/>
						<line number="61" hits="1" branch="false"/>
						<line number="64" hits="0" branch="false"/>
						<line number="65" hits="0" branch="false"/>
						<line number="68" hits="1" branch="false"/>
						<line number="71" hits="0" branch="false"/>
						<line number="72" hits="0" branch="false"/>
						<line number="75" hits="2" branch="false"/>
						<line number="78" hits="2" branch="false"/>
						<line number="79" hits="2" branch="false"/>
					</lines>
				</class>
				<class name="com.dto.UserResponseDto" filename="com/dto/UserResponseDto.java" line-rate="0.0" branch-rate="1.0" complexity="1.0">
					<methods>
						<method name="&lt;init&gt;" signature="()V" line-rate="0.0" branch-rate="1.0">
							<lines>
								<line number="27" hits="0" branch="false"/>
							</lines>
						</method>
						<method name="getEnabled" signature="()Ljava/lang/Boolean;" line-rate="0.0" branch-rate="1.0">
							<lines>
								<line number="55" hits="0" branch="false"/>
							</lines>
						</method>
						<method name="getFirstName" signature="()Ljava/lang/String;" line-rate="0.0" branch-rate="1.0">
							<lines>
								<line number="41" hits="0" branch="false"/>
							</lines>
						</method>
						<method name="getLastName" signature="()Ljava/lang/String;" line-rate="0.0" branch-rate="1.0">
							<lines>
								<line number="48" hits="0" branch="false"/>
							</lines>
						</method>
						<method name="getUsername" signature="()Ljava/lang/String;" line-rate="0.0" branch-rate="1.0">
							<lines>
								<line number="34" hits="0" branch="false"/>
							</lines>
						</method>
						<method name="setEnabled" signature="(Ljava/lang/Boolean;)V" line-rate="0.0" branch-rate="1.0">
							<lines>
								<line number="58" hits="0" branch="false"/>
								<line number="59" hits="0" branch="false"/>
							</lines>
						</method>
						<method name="setFirstName" signature="(Ljava/lang/String;)V" line-rate="0.0" branch-rate="1.0">
							<lines>
								<line number="44" hits="0" branch="false"/>
								<line number="45" hits="0" branch="false"/>
							</lines>
						</method>
						<method name="setLastName" signature="(Ljava/lang/String;)V" line-rate="0.0" branch-rate="1.0">
							<lines>
								<line number="51" hits="0" branch="false"/>
								<line number="52" hits="0" branch="false"/>
							</lines>
						</method>
						<method name="setUsername" signature="(Ljava/lang/String;)V" line-rate="0.0" branch-rate="1.0">
							<lines>
								<line number="37" hits="0" branch="false"/>
								<line number="38" hits="0" branch="false"/>
							</lines>
						</method>
					</methods>
					<lines>
						<line number="27" hits="0" branch="false"/>
						<line number="34" hits="0" branch="false"/>
						<line number="37" hits="0" branch="false"/>
						<line number="38" hits="0" branch="false"/>
						<line number="41" hits="0" branch="false"/>
						<line number="44" hits="0" branch="false"/>
						<line number="45" hits="0" branch="false"/>
						<line number="48" hits="0" branch="false"/>
						<line number="51" hits="0" branch="false"/>
						<line number="52" hits="0" branch="false"/>
						<line number="55" hits="0" branch="false"/>
						<line number="58" hits="0" branch="false"/>
						<line number="59" hits="0" branch="false"/>
					</lines>
				</class>
			</classes>
		</package>
		<package name="com.entity" line-rate="0.5038167938931297" branch-rate="1.0" complexity="1.0">
			<classes>
				<class name="com.entity.AuthorityEntity" filename="com/entity/AuthorityEntity.java" line-rate="0.5" branch-rate="1.0" complexity="1.0">
					<methods>
						<method name="&lt;init&gt;" signature="()V" line-rate="1.0" branch-rate="1.0">
							<lines>
								<line number="37" hits="2" branch="false"/>
							</lines>
						</method>
						<method name="getAuthority" signature="()Ljava/lang/String;" line-rate="0.0" branch-rate="1.0">
							<lines>
								<line number="67" hits="0" branch="false"/>
							</lines>
						</method>
						<method name="getAuthorityGuid" signature="()Ljava/lang/String;" line-rate="0.0" branch-rate="1.0">
							<lines>
								<line number="51" hits="0" branch="false"/>
							</lines>
						</method>
						<method name="getUsername" signature="()Ljava/lang/String;" line-rate="0.0" branch-rate="1.0">
							<lines>
								<line number="59" hits="0" branch="false"/>
							</lines>
						</method>
						<method name="setAuthority" signature="(Ljava/lang/String;)V" line-rate="1.0" branch-rate="1.0">
							<lines>
								<line number="71" hits="2" branch="false"/>
								<line number="72" hits="2" branch="false"/>
							</lines>
						</method>
						<method name="setAuthorityGuid" signature="(Ljava/lang/String;)V" line-rate="0.0" branch-rate="1.0">
							<lines>
								<line number="55" hits="0" branch="false"/>
								<line number="56" hits="0" branch="false"/>
							</lines>
						</method>
						<method name="setUsername" signature="(Ljava/lang/String;)V" line-rate="1.0" branch-rate="1.0">
							<lines>
								<line number="63" hits="2" branch="false"/>
								<line number="64" hits="2" branch="false"/>
							</lines>
						</method>
					</methods>
					<lines>
						<line number="37" hits="2" branch="false"/>
						<line number="51" hits="0" branch="false"/>
						<line number="55" hits="0" branch="false"/>
						<line number="56" hits="0" branch="false"/>
						<line number="59" hits="0" branch="false"/>
						<line number="63" hits="2" branch="false"/>
						<line number="64" hits="2" branch="false"/>
						<line number="67" hits="0" branch="false"/>
						<line number="71" hits="2" branch="false"/>
						<line number="72" hits="2" branch="false"/>
					</lines>
				</class>
				<class name="com.entity.BaseEntity" filename="com/entity/BaseEntity.java" line-rate="0.07692307692307693" branch-rate="1.0" complexity="1.0">
					<methods>
						<method name="&lt;init&gt;" signature="()V" line-rate="1.0" branch-rate="1.0">
							<lines>
								<line number="38" hits="21" branch="false"/>
							</lines>
						</method>
						<method name="getCreatedAt" signature="()Ljava/util/Date;" line-rate="0.0" branch-rate="1.0">
							<lines>
								<line number="70" hits="0" branch="false"/>
							</lines>
						</method>
						<method name="getCreatedByUser" signature="()Ljava/lang/String;" line-rate="0.0" branch-rate="1.0">
							<lines>
								<line number="62" hits="0" branch="false"/>
							</lines>
						</method>
						<method name="getModifiedAt" signature="()Ljava/util/Date;" line-rate="0.0" branch-rate="1.0">
							<lines>
								<line number="86" hits="0" branch="false"/>
							</lines>
						</method>
						<method name="getModifiedByUser" signature="()Ljava/lang/String;" line-rate="0.0" branch-rate="1.0">
							<lines>
								<line number="78" hits="0" branch="false"/>
							</lines>
						</method>
						<method name="setCreatedAt" signature="(Ljava/util/Date;)V" line-rate="0.0" branch-rate="1.0">
							<lines>
								<line number="74" hits="0" branch="false"/>
								<line number="75" hits="0" branch="false"/>
							</lines>
						</method>
						<method name="setCreatedByUser" signature="(Ljava/lang/String;)V" line-rate="0.0" branch-rate="1.0">
							<lines>
								<line number="66" hits="0" branch="false"/>
								<line number="67" hits="0" branch="false"/>
							</lines>
						</method>
						<method name="setModifiedAt" signature="(Ljava/util/Date;)V" line-rate="0.0" branch-rate="1.0">
							<lines>
								<line number="90" hits="0" branch="false"/>
								<line number="91" hits="0" branch="false"/>
							</lines>
						</method>
						<method name="setModifiedByUser" signature="(Ljava/lang/String;)V" line-rate="0.0" branch-rate="1.0">
							<lines>
								<line number="82" hits="0" branch="false"/>
								<line number="83" hits="0" branch="false"/>
							</lines>
						</method>
					</methods>
					<lines>
						<line number="38" hits="21" branch="false"/>
						<line number="62" hits="0" branch="false"/>
						<line number="66" hits="0" branch="false"/>
						<line number="67" hits="0" branch="false"/>
						<line number="70" hits="0" branch="false"/>
						<line number="74" hits="0" branch="false"/>
						<line number="75" hits="0" branch="false"/>
						<line number="78" hits="0" branch="false"/>
						<line number="82" hits="0" branch="false"/>
						<line number="83" hits="0" branch="false"/>
						<line number="86" hits="0" branch="false"/>
						<line number="90" hits="0" branch="false"/>
						<line number="91" hits="0" branch="false"/>
					</lines>
				</class>
				<class name="com.entity.GroupEntity" filename="com/entity/GroupEntity.java" line-rate="0.8571428571428571" branch-rate="1.0" complexity="1.0">
					<methods>
						<method name="&lt;init&gt;" signature="()V" line-rate="1.0" branch-rate="1.0">
							<lines>
								<line number="36" hits="1" branch="false"/>
							</lines>
						</method>
						<method name="getGroupGuid" signature="()Ljava/lang/String;" line-rate="1.0" branch-rate="1.0">
							<lines>
								<line number="45" hits="1" branch="false"/>
							</lines>
						</method>
						<method name="getGroupName" signature="()Ljava/lang/String;" line-rate="0.0" branch-rate="1.0">
							<lines>
								<line number="53" hits="0" branch="false"/>
							</lines>
						</method>
						<method name="setGroupGuid" signature="(Ljava/lang/String;)V" line-rate="1.0" branch-rate="1.0">
							<lines>
								<line number="49" hits="1" branch="false"/>
								<line number="50" hits="1" branch="false"/>
							</lines>
						</method>
						<method name="setGroupName" signature="(Ljava/lang/String;)V" line-rate="1.0" branch-rate="1.0">
							<lines>
								<line number="57" hits="1" branch="false"/>
								<line number="58" hits="1" branch="false"/>
							</lines>
						</method>
					</methods>
					<lines>
						<line number="36" hits="1" branch="false"/>
						<line number="45" hits="1" branch="false"/>
						<line number="49" hits="1" branch="false"/>
						<line number="50" hits="1" branch="false"/>
						<line number="53" hits="0" branch="false"/>
						<line number="57" hits="1" branch="false"/>
						<line number="58" hits="1" branch="false"/>
					</lines>
				</class>
				<class name="com.entity.GroupUserEntity" filename="com/entity/GroupUserEntity.java" line-rate="0.0" branch-rate="1.0" complexity="1.0">
					<methods>
						<method name="&lt;init&gt;" signature="()V" line-rate="0.0" branch-rate="1.0">
							<lines>
								<line number="35" hits="0" branch="false"/>
							</lines>
						</method>
						<method name="getGroupGuid" signature="()Ljava/lang/String;" line-rate="0.0" branch-rate="1.0">
							<lines>
								<line number="57" hits="0" branch="false"/>
							</lines>
						</method>
						<method name="getGuid" signature="()Ljava/lang/String;" line-rate="0.0" branch-rate="1.0">
							<lines>
								<line number="49" hits="0" branch="false"/>
							</lines>
						</method>
						<method name="getUsername" signature="()Ljava/lang/String;" line-rate="0.0" branch-rate="1.0">
							<lines>
								<line number="65" hits="0" branch="false"/>
							</lines>
						</method>
						<method name="setGroupGuid" signature="(Ljava/lang/String;)V" line-rate="0.0" branch-rate="1.0">
							<lines>
								<line number="61" hits="0" branch="false"/>
								<line number="62" hits="0" branch="false"/>
							</lines>
						</method>
						<method name="setGuid" signature="(Ljava/lang/String;)V" line-rate="0.0" branch-rate="1.0">
							<lines>
								<line number="53" hits="0" branch="false"/>
								<line number="54" hits="0" branch="false"/>
							</lines>
						</method>
						<method name="setUsername" signature="(Ljava/lang/String;)V" line-rate="0.0" branch-rate="1.0">
							<lines>
								<line number="69" hits="0" branch="false"/>
								<line number="70" hits="0" branch="false"/>
							</lines>
						</method>
					</methods>
					<lines>
						<line number="35" hits="0" branch="false"/>
						<line number="49" hits="0" branch="false"/>
						<line number="53" hits="0" branch="false"/>
						<line number="54" hits="0" branch="false"/>
						<line number="57" hits="0" branch="false"/>
						<line number="61" hits="0" branch="false"/>
						<line number="62" hits="0" branch="false"/>
						<line number="65" hits="0" branch="false"/>
						<line number="69" hits="0" branch="false"/>
						<line number="70" hits="0" branch="false"/>
					</lines>
				</class>
				<class name="com.entity.InvitationEntity" filename="com/entity/InvitationEntity.java" line-rate="0.625" branch-rate="1.0" complexity="1.0">
					<methods>
						<method name="&lt;init&gt;" signature="()V" line-rate="1.0" branch-rate="1.0">
							<lines>
								<line number="37" hits="1" branch="false"/>
							</lines>
						</method>
						<method name="getAuthority" signature="()Ljava/lang/String;" line-rate="0.0" branch-rate="1.0">
							<lines>
								<line number="81" hits="0" branch="false"/>
							</lines>
						</method>
						<method name="getInvitationGuid" signature="()Ljava/lang/String;" line-rate="1.0" branch-rate="1.0">
							<lines>
								<line number="57" hits="1" branch="false"/>
							</lines>
						</method>
						<method name="getProjectGuid" signature="()Ljava/lang/String;" line-rate="0.0" branch-rate="1.0">
							<lines>
								<line number="73" hits="0" branch="false"/>
							</lines>
						</method>
						<method name="getRecipientEmail" signature="()Ljava/lang/String;" line-rate="0.0" branch-rate="1.0">
							<lines>
								<line number="65" hits="0" branch="false"/>
							</lines>
						</method>
						<method name="isInvitationAccepted" signature="()Z" line-rate="0.0" branch-rate="1.0">
							<lines>
								<line number="89" hits="0" branch="false"/>
							</lines>
						</method>
						<method name="setAuthority" signature="(Ljava/lang/String;)V" line-rate="1.0" branch-rate="1.0">
							<lines>
								<line number="85" hits="1" branch="false"/>
								<line number="86" hits="1" branch="false"/>
							</lines>
						</method>
						<method name="setInvitationGuid" signature="(Ljava/lang/String;)V" line-rate="0.0" branch-rate="1.0">
							<lines>
								<line number="61" hits="0" branch="false"/>
								<line number="62" hits="0" branch="false"/>
							</lines>
						</method>
						<method name="setIsInvitationAccepted" signature="(Z)V" line-rate="1.0" branch-rate="1.0">
							<lines>
								<line number="93" hits="1" branch="false"/>
								<line number="94" hits="1" branch="false"/>
							</lines>
						</method>
						<method name="setProjectGuid" signature="(Ljava/lang/String;)V" line-rate="1.0" branch-rate="1.0">
							<lines>
								<line number="77" hits="1" branch="false"/>
								<line number="78" hits="1" branch="false"/>
							</lines>
						</method>
						<method name="setRecipientEmail" signature="(Ljava/lang/String;)V" line-rate="1.0" branch-rate="1.0">
							<lines>
								<line number="69" hits="1" branch="false"/>
								<line number="70" hits="1" branch="false"/>
							</lines>
						</method>
					</methods>
					<lines>
						<line number="37" hits="1" branch="false"/>
						<line number="57" hits="1" branch="false"/>
						<line number="61" hits="0" branch="false"/>
						<line number="62" hits="0" branch="false"/>
						<line number="65" hits="0" branch="false"/>
						<line number="69" hits="1" branch="false"/>
						<line number="70" hits="1" branch="false"/>
						<line number="73" hits="0" branch="false"/>
						<line number="77" hits="1" branch="false"/>
						<line number="78" hits="1" branch="false"/>
						<line number="81" hits="0" branch="false"/>
						<line number="85" hits="1" branch="false"/>
						<line number="86" hits="1" branch="false"/>
						<line number="89" hits="0" branch="false"/>
						<line number="93" hits="1" branch="false"/>
						<line number="94" hits="1" branch="false"/>
					</lines>
				</class>
				<class name="com.entity.InvitationGroupEntity" filename="com/entity/InvitationGroupEntity.java" line-rate="0.5" branch-rate="1.0" complexity="1.0">
					<methods>
						<method name="&lt;init&gt;" signature="()V" line-rate="1.0" branch-rate="1.0">
							<lines>
								<line number="35" hits="1" branch="false"/>
							</lines>
						</method>
						<method name="getGroupGuid" signature="()Ljava/lang/String;" line-rate="0.0" branch-rate="1.0">
							<lines>
								<line number="65" hits="0" branch="false"/>
							</lines>
						</method>
						<method name="getGuid" signature="()Ljava/lang/String;" line-rate="0.0" branch-rate="1.0">
							<lines>
								<line number="49" hits="0" branch="false"/>
							</lines>
						</method>
						<method name="getInvitationGuid" signature="()Ljava/lang/String;" line-rate="0.0" branch-rate="1.0">
							<lines>
								<line number="57" hits="0" branch="false"/>
							</lines>
						</method>
						<method name="setGroupGuid" signature="(Ljava/lang/String;)V" line-rate="1.0" branch-rate="1.0">
							<lines>
								<line number="69" hits="1" branch="false"/>
								<line number="70" hits="1" branch="false"/>
							</lines>
						</method>
						<method name="setGuid" signature="(Ljava/lang/String;)V" line-rate="0.0" branch-rate="1.0">
							<lines>
								<line number="53" hits="0" branch="false"/>
								<line number="54" hits="0" branch="false"/>
							</lines>
						</method>
						<method name="setInvitationGuid" signature="(Ljava/lang/String;)V" line-rate="1.0" branch-rate="1.0">
							<lines>
								<line number="61" hits="1" branch="false"/>
								<line number="62" hits="1" branch="false"/>
							</lines>
						</method>
					</methods>
					<lines>
						<line number="35" hits="1" branch="false"/>
						<line number="49" hits="0" branch="false"/>
						<line number="53" hits="0" branch="false"/>
						<line number="54" hits="0" branch="false"/>
						<line number="57" hits="0" branch="false"/>
						<line number="61" hits="1" branch="false"/>
						<line number="62" hits="1" branch="false"/>
						<line number="65" hits="0" branch="false"/>
						<line number="69" hits="1" branch="false"/>
						<line number="70" hits="1" branch="false"/>
					</lines>
				</class>
				<class name="com.entity.ProjectEntity" filename="com/entity/ProjectEntity.java" line-rate="0.5" branch-rate="1.0" complexity="1.0">
					<methods>
						<method name="&lt;init&gt;" signature="()V" line-rate="1.0" branch-rate="1.0">
							<lines>
								<line number="37" hits="1" branch="false"/>
							</lines>
						</method>
						<method name="getProjectGuid" signature="()Ljava/lang/String;" line-rate="1.0" branch-rate="1.0">
							<lines>
								<line number="45" hits="4" branch="false"/>
							</lines>
						</method>
						<method name="setProjectGuid" signature="(Ljava/lang/String;)V" line-rate="0.0" branch-rate="1.0">
							<lines>
								<line number="48" hits="0" branch="false"/>
								<line number="49" hits="0" branch="false"/>
							</lines>
						</method>
					</methods>
					<lines>
						<line number="37" hits="1" branch="false"/>
						<line number="45" hits="4" branch="false"/>
						<line number="48" hits="0" branch="false"/>
						<line number="49" hits="0" branch="false"/>
					</lines>
				</class>
				<class name="com.entity.ProjectGroupEntity" filename="com/entity/ProjectGroupEntity.java" line-rate="0.5" branch-rate="1.0" complexity="1.0">
					<methods>
						<method name="&lt;init&gt;" signature="()V" line-rate="1.0" branch-rate="1.0">
							<lines>
								<line number="35" hits="1" branch="false"/>
							</lines>
						</method>
						<method name="getGroupGuid" signature="()Ljava/lang/String;" line-rate="0.0" branch-rate="1.0">
							<lines>
								<line number="65" hits="0" branch="false"/>
							</lines>
						</method>
						<method name="getGuid" signature="()Ljava/lang/String;" line-rate="0.0" branch-rate="1.0">
							<lines>
								<line number="49" hits="0" branch="false"/>
							</lines>
						</method>
						<method name="getProjectGuid" signature="()Ljava/lang/String;" line-rate="0.0" branch-rate="1.0">
							<lines>
								<line number="57" hits="0" branch="false"/>
							</lines>
						</method>
						<method name="setGroupGuid" signature="(Ljava/lang/String;)V" line-rate="1.0" branch-rate="1.0">
							<lines>
								<line number="69" hits="1" branch="false"/>
								<line number="70" hits="1" branch="false"/>
							</lines>
						</method>
						<method name="setGuid" signature="(Ljava/lang/String;)V" line-rate="0.0" branch-rate="1.0">
							<lines>
								<line number="53" hits="0" branch="false"/>
								<line number="54" hits="0" branch="false"/>
							</lines>
						</method>
						<method name="setProjectGuid" signature="(Ljava/lang/String;)V" line-rate="1.0" branch-rate="1.0">
							<lines>
								<line number="61" hits="1" branch="false"/>
								<line number="62" hits="1" branch="false"/>
							</lines>
						</method>
					</methods>
					<lines>
						<line number="35" hits="1" branch="false"/>
						<line number="49" hits="0" branch="false"/>
						<line number="53" hits="0" branch="false"/>
						<line number="54" hits="0" branch="false"/>
						<line number="57" hits="0" branch="false"/>
						<line number="61" hits="1" branch="false"/>
						<line number="62" hits="1" branch="false"/>
						<line number="65" hits="0" branch="false"/>
						<line number="69" hits="1" branch="false"/>
						<line number="70" hits="1" branch="false"/>
					</lines>
				</class>
				<class name="com.entity.ProjectUserEntity" filename="com/entity/ProjectUserEntity.java" line-rate="0.3" branch-rate="1.0" complexity="1.0">
					<methods>
						<method name="&lt;init&gt;" signature="()V" line-rate="1.0" branch-rate="1.0">
							<lines>
								<line number="35" hits="1" branch="false"/>
							</lines>
						</method>
						<method name="getGuid" signature="()Ljava/lang/String;" line-rate="0.0" branch-rate="1.0">
							<lines>
								<line number="49" hits="0" branch="false"/>
							</lines>
						</method>
						<method name="getProjectGuid" signature="()Ljava/lang/String;" line-rate="0.0" branch-rate="1.0">
							<lines>
								<line number="65" hits="0" branch="false"/>
							</lines>
						</method>
						<method name="getUsername" signature="()Ljava/lang/String;" line-rate="0.0" branch-rate="1.0">
							<lines>
								<line number="57" hits="0" branch="false"/>
							</lines>
						</method>
						<method name="setGuid" signature="(Ljava/lang/String;)V" line-rate="0.0" branch-rate="1.0">
							<lines>
								<line number="53" hits="0" branch="false"/>
								<line number="54" hits="0" branch="false"/>
							</lines>
						</method>
						<method name="setProjectGuid" signature="(Ljava/lang/String;)V" line-rate="0.0" branch-rate="1.0">
							<lines>
								<line number="69" hits="0" branch="false"/>
								<line number="70" hits="0" branch="false"/>
							</lines>
						</method>
						<method name="setUsername" signature="(Ljava/lang/String;)V" line-rate="1.0" branch-rate="1.0">
							<lines>
								<line number="61" hits="1" branch="false"/>
								<line number="62" hits="1" branch="false"/>
							</lines>
						</method>
					</methods>
					<lines>
						<line number="35" hits="1" branch="false"/>
						<line number="49" hits="0" branch="false"/>
						<line number="53" hits="0" branch="false"/>
						<line number="54" hits="0" branch="false"/>
						<line number="57" hits="0" branch="false"/>
						<line number="61" hits="1" branch="false"/>
						<line number="62" hits="1" branch="false"/>
						<line number="65" hits="0" branch="false"/>
						<line number="69" hits="0" branch="false"/>
						<line number="70" hits="0" branch="false"/>
					</lines>
				</class>
				<class name="com.entity.TranslationEntity" filename="com/entity/TranslationEntity.java" line-rate="0.5789473684210527" branch-rate="1.0" complexity="1.0">
					<methods>
						<method name="&lt;init&gt;" signature="()V" line-rate="1.0" branch-rate="1.0">
							<lines>
								<line number="37" hits="1" branch="false"/>
							</lines>
						</method>
						<method name="getContent" signature="()Ljava/lang/String;" line-rate="0.0" branch-rate="1.0">
							<lines>
								<line number="100" hits="0" branch="false"/>
							</lines>
						</method>
						<method name="getField" signature="()Ljava/lang/String;" line-rate="0.0" branch-rate="1.0">
							<lines>
								<line number="84" hits="0" branch="false"/>
							</lines>
						</method>
						<method name="getLanguage" signature="()Ljava/lang/String;" line-rate="0.0" branch-rate="1.0">
							<lines>
								<line number="92" hits="0" branch="false"/>
							</lines>
						</method>
						<method name="getParentEntity" signature="()Ljava/lang/String;" line-rate="0.0" branch-rate="1.0">
							<lines>
								<line number="76" hits="0" branch="false"/>
							</lines>
						</method>
						<method name="getParentGuid" signature="()Ljava/lang/String;" line-rate="0.0" branch-rate="1.0">
							<lines>
								<line number="68" hits="0" branch="false"/>
							</lines>
						</method>
						<method name="getTranslationGuid" signature="()Ljava/lang/String;" line-rate="0.0" branch-rate="1.0">
							<lines>
								<line number="60" hits="0" branch="false"/>
							</lines>
						</method>
						<method name="setContent" signature="(Ljava/lang/String;)V" line-rate="1.0" branch-rate="1.0">
							<lines>
								<line number="104" hits="1" branch="false"/>
								<line number="105" hits="1" branch="false"/>
							</lines>
						</method>
						<method name="setField" signature="(Ljava/lang/String;)V" line-rate="1.0" branch-rate="1.0">
							<lines>
								<line number="88" hits="1" branch="false"/>
								<line number="89" hits="1" branch="false"/>
							</lines>
						</method>
						<method name="setLanguage" signature="(Ljava/lang/String;)V" line-rate="1.0" branch-rate="1.0">
							<lines>
								<line number="96" hits="1" branch="false"/>
								<line number="97" hits="1" branch="false"/>
							</lines>
						</method>
						<method name="setParentEntity" signature="(Ljava/lang/String;)V" line-rate="1.0" branch-rate="1.0">
							<lines>
								<line number="80" hits="1" branch="false"/>
								<line number="81" hits="1" branch="false"/>
							</lines>
						</method>
						<method name="setParentGuid" signature="(Ljava/lang/String;)V" line-rate="1.0" branch-rate="1.0">
							<lines>
								<line number="72" hits="1" branch="false"/>
								<line number="73" hits="1" branch="false"/>
							</lines>
						</method>
						<method name="setTranslationGuid" signature="(Ljava/lang/String;)V" line-rate="0.0" branch-rate="1.0">
							<lines>
								<line number="64" hits="0" branch="false"/>
								<line number="65" hits="0" branch="false"/>
							</lines>
						</method>
					</methods>
					<lines>
						<line number="37" hits="1" branch="false"/>
						<line number="60" hits="0" branch="false"/>
						<line number="64" hits="0" branch="false"/>
						<line number="65" hits="0" branch="false"/>
						<line number="68" hits="0" branch="false"/>
						<line number="72" hits="1" branch="false"/>
						<line number="73" hits="1" branch="false"/>
						<line number="76" hits="0" branch="false"/>
						<line number="80" hits="1" branch="false"/>
						<line number="81" hits="1" branch="false"/>
						<line number="84" hits="0" branch="false"/>
						<line number="88" hits="1" branch="false"/>
						<line number="89" hits="1" branch="false"/>
						<line number="92" hits="0" branch="false"/>
						<line number="96" hits="1" branch="false"/>
						<line number="97" hits="1" branch="false"/>
						<line number="100" hits="0" branch="false"/>
						<line number="104" hits="1" branch="false"/>
						<line number="105" hits="1" branch="false"/>
					</lines>
				</class>
				<class name="com.entity.UserEntity" filename="com/entity/UserEntity.java" line-rate="0.8181818181818182" branch-rate="1.0" complexity="1.0">
					<methods>
						<method name="&lt;init&gt;" signature="()V" line-rate="1.0" branch-rate="1.0">
							<lines>
								<line number="36" hits="12" branch="false"/>
							</lines>
						</method>
						<method name="getEmailVerificationToken" signature="()Ljava/lang/String;" line-rate="0.0" branch-rate="1.0">
							<lines>
								<line number="94" hits="0" branch="false"/>
							</lines>
						</method>
						<method name="getFirstName" signature="()Ljava/lang/String;" line-rate="0.0" branch-rate="1.0">
							<lines>
								<line number="68" hits="0" branch="false"/>
							</lines>
						</method>
						<method name="getLastName" signature="()Ljava/lang/String;" line-rate="0.0" branch-rate="1.0">
							<lines>
								<line number="75" hits="0" branch="false"/>
							</lines>
						</method>
						<method name="getPassword" signature="()Ljava/lang/String;" line-rate="1.0" branch-rate="1.0">
							<lines>
								<line number="82" hits="2" branch="false"/>
							</lines>
						</method>
						<method name="getResetPasswordToken" signature="()Ljava/lang/String;" line-rate="0.0" branch-rate="1.0">
							<lines>
								<line number="102" hits="0" branch="false"/>
							</lines>
						</method>
						<method name="getUsername" signature="()Ljava/lang/String;" line-rate="1.0" branch-rate="1.0">
							<lines>
								<line number="60" hits="1" branch="false"/>
							</lines>
						</method>
						<method name="isEnabled" signature="()Z" line-rate="1.0" branch-rate="1.0">
							<lines>
								<line number="88" hits="1" branch="false"/>
							</lines>
						</method>
						<method name="setEmailVerificationToken" signature="(Ljava/lang/String;)V" line-rate="1.0" branch-rate="1.0">
							<lines>
								<line number="98" hits="1" branch="false"/>
								<line number="99" hits="1" branch="false"/>
							</lines>
						</method>
						<method name="setEnabled" signature="(Z)V" line-rate="1.0" branch-rate="1.0">
							<lines>
								<line number="90" hits="3" branch="false"/>
								<line number="91" hits="3" branch="false"/>
							</lines>
						</method>
						<method name="setFirstName" signature="(Ljava/lang/String;)V" line-rate="1.0" branch-rate="1.0">
							<lines>
								<line number="71" hits="1" branch="false"/>
								<line number="72" hits="1" branch="false"/>
							</lines>
						</method>
						<method name="setLastName" signature="(Ljava/lang/String;)V" line-rate="1.0" branch-rate="1.0">
							<lines>
								<line number="78" hits="1" branch="false"/>
								<line number="79" hits="1" branch="false"/>
							</lines>
						</method>
						<method name="setPassword" signature="(Ljava/lang/String;)V" line-rate="1.0" branch-rate="1.0">
							<lines>
								<line number="85" hits="5" branch="false"/>
								<line number="86" hits="5" branch="false"/>
							</lines>
						</method>
						<method name="setResetPasswordToken" signature="(Ljava/lang/String;)V" line-rate="1.0" branch-rate="1.0">
							<lines>
								<line number="106" hits="1" branch="false"/>
								<line number="107" hits="1" branch="false"/>
							</lines>
						</method>
						<method name="setUsername" signature="(Ljava/lang/String;)V" line-rate="1.0" branch-rate="1.0">
							<lines>
								<line number="64" hits="1" branch="false"/>
								<line number="65" hits="1" branch="false"/>
							</lines>
						</method>
					</methods>
					<lines>
						<line number="36" hits="12" branch="false"/>
						<line number="60" hits="1" branch="false"/>
						<line number="64" hits="1" branch="false"/>
						<line number="65" hits="1" branch="false"/>
						<line number="68" hits="0" branch="false"/>
						<line number="71" hits="1" branch="false"/>
						<line number="72" hits="1" branch="false"/>
						<line number="75" hits="0" branch="false"/>
						<line number="78" hits="1" branch="false"/>
						<line number="79" hits="1" branch="false"/>
						<line number="82" hits="2" branch="false"/>
						<line number="85" hits="5" branch="false"/>
						<line number="86" hits="5" branch="false"/>
						<line number="88" hits="1" branch="false"/>
						<line number="90" hits="3" branch="false"/>
						<line number="91" hits="3" branch="false"/>
						<line number="94" hits="0" branch="false"/>
						<line number="98" hits="1" branch="false"/>
						<line number="99" hits="1" branch="false"/>
						<line number="102" hits="0" branch="false"/>
						<line number="106" hits="1" branch="false"/>
						<line number="107" hits="1" branch="false"/>
					</lines>
				</class>
			</classes>
		</package>
		<package name="com.repository" line-rate="1.0" branch-rate="1.0" complexity="1.0">
			<classes>
				<class name="com.repository.IAuthorityRepository" filename="com/repository/IAuthorityRepository.java" line-rate="1.0" branch-rate="1.0" complexity="1.0">
					<methods>
					</methods>
					<lines>
					</lines>
				</class>
				<class name="com.repository.IGroupRepository" filename="com/repository/IGroupRepository.java" line-rate="1.0" branch-rate="1.0" complexity="1.0">
					<methods>
					</methods>
					<lines>
					</lines>
				</class>
				<class name="com.repository.IInvitationGroupRepository" filename="com/repository/IInvitationGroupRepository.java" line-rate="1.0" branch-rate="1.0" complexity="1.0">
					<methods>
					</methods>
					<lines>
					</lines>
				</class>
				<class name="com.repository.IInvitationRepository" filename="com/repository/IInvitationRepository.java" line-rate="1.0" branch-rate="1.0" complexity="1.0">
					<methods>
					</methods>
					<lines>
					</lines>
				</class>
				<class name="com.repository.IProjectGroupRepository" filename="com/repository/IProjectGroupRepository.java" line-rate="1.0" branch-rate="1.0" complexity="1.0">
					<methods>
					</methods>
					<lines>
					</lines>
				</class>
				<class name="com.repository.IProjectRepository" filename="com/repository/IProjectRepository.java" line-rate="1.0" branch-rate="1.0" complexity="1.0">
					<methods>
					</methods>
					<lines>
					</lines>
				</class>
				<class name="com.repository.IProjectUserRepository" filename="com/repository/IProjectUserRepository.java" line-rate="1.0" branch-rate="1.0" complexity="1.0">
					<methods>
					</methods>
					<lines>
					</lines>
				</class>
				<class name="com.repository.ITranslationRepository" filename="com/repository/ITranslationRepository.java" line-rate="1.0" branch-rate="1.0" complexity="1.0">
					<methods>
					</methods>
					<lines>
					</lines>
				</class>
				<class name="com.repository.IUserRepository" filename="com/repository/IUserRepository.java" line-rate="1.0" branch-rate="1.0" complexity="1.0">
					<methods>
					</methods>
					<lines>
					</lines>
				</class>
			</classes>
		</package>
		<package name="com.rest" line-rate="0.6176470588235294" branch-rate="0.47619047619047616" complexity="2.8461538461538463">
			<classes>
				<class name="com.rest.ConfigRest" filename="com/rest/ConfigRest.java" line-rate="0.0" branch-rate="1.0" complexity="1.0">
					<methods>
						<method name="&lt;init&gt;" signature="()V" line-rate="0.0" branch-rate="1.0">
							<lines>
								<line number="40" hits="0" branch="false"/>
							</lines>
						</method>
						<method name="getConfig" signature="()Lcom/config/Config;" line-rate="0.0" branch-rate="1.0">
							<lines>
								<line number="47" hits="0" branch="false"/>
							</lines>
						</method>
					</methods>
					<lines>
						<line number="40" hits="0" branch="false"/>
						<line number="47" hits="0" branch="false"/>
					</lines>
				</class>
				<class name="com.rest.EmailSender" filename="com/rest/EmailSender.java" line-rate="0.0" branch-rate="0.0" complexity="2.25">
					<methods>
						<method name="&lt;init&gt;" signature="(Lorg/springframework/mail/javamail/JavaMailSender;Lorg/thymeleaf/templateresolver/ClassLoaderTemplateResolver;Lorg/thymeleaf/spring3/SpringTemplateEngine;Ljava/lang/String;Ljava/lang/String;)V" line-rate="0.0" branch-rate="0.0">
							<lines>
								<line number="50" hits="0" branch="false"/>
								<line number="53" hits="0" branch="false"/>
								<line number="54" hits="0" branch="false"/>
								<line number="55" hits="0" branch="false"/>
								<line number="56" hits="0" branch="false"/>
								<line number="57" hits="0" branch="true" condition-coverage="0% (0/2)">
									<conditions>
										<condition number="0" type="jump" coverage="0%"/>
									</conditions>
								</line>
								<line number="58" hits="0" branch="false"/>
								<line number="60" hits="0" branch="false"/>
								<line number="61" hits="0" branch="false"/>
								<line number="63" hits="0" branch="false"/>
							</lines>
						</method>
						<method name="sendMessage" signature="(Ljava/lang/String;Ljava/lang/String;)V" line-rate="0.0" branch-rate="1.0">
							<lines>
								<line number="116" hits="0" branch="false"/>
								<line number="117" hits="0" branch="false"/>
								<line number="118" hits="0" branch="false"/>
								<line number="119" hits="0" branch="false"/>
								<line number="120" hits="0" branch="false"/>
								<line number="121" hits="0" branch="false"/>
								<line number="122" hits="0" branch="false"/>
								<line number="123" hits="0" branch="false"/>
							</lines>
						</method>
						<method name="sendReserPasswordEmail" signature="(Ljava/lang/String;Ljava/lang/String;)V" line-rate="0.0" branch-rate="0.0">
							<lines>
								<line number="91" hits="0" branch="false"/>
								<line number="92" hits="0" branch="false"/>
								<line number="93" hits="0" branch="true" condition-coverage="0% (0/6)">
									<conditions>
										<condition number="0" type="jump" coverage="0%"/>
										<condition number="0" type="switch" coverage="0%"/>
										<condition number="1" type="switch" coverage="0%"/>
									</conditions>
								</line>
								<line number="95" hits="0" branch="false"/>
								<line number="96" hits="0" branch="false"/>
								<line number="98" hits="0" branch="false"/>
								<line number="102" hits="0" branch="false"/>
								<line number="103" hits="0" branch="false"/>
								<line number="104" hits="0" branch="false"/>
								<line number="106" hits="0" branch="false"/>
								<line number="109" hits="0" branch="false"/>
								<line number="110" hits="0" branch="false"/>
								<line number="111" hits="0" branch="false"/>
								<line number="112" hits="0" branch="false"/>
								<line number="113" hits="0" branch="false"/>
							</lines>
						</method>
						<method name="sendVerificationTokenEmail" signature="(Ljava/lang/String;Ljava/lang/String;)V" line-rate="0.0" branch-rate="0.0">
							<lines>
								<line number="66" hits="0" branch="false"/>
								<line number="67" hits="0" branch="false"/>
								<line number="68" hits="0" branch="true" condition-coverage="0% (0/6)">
									<conditions>
										<condition number="0" type="jump" coverage="0%"/>
										<condition number="0" type="switch" coverage="0%"/>
										<condition number="1" type="switch" coverage="0%"/>
									</conditions>
								</line>
								<line number="70" hits="0" branch="false"/>
								<line number="71" hits="0" branch="false"/>
								<line number="73" hits="0" branch="false"/>
								<line number="77" hits="0" branch="false"/>
								<line number="78" hits="0" branch="false"/>
								<line number="79" hits="0" branch="false"/>
								<line number="81" hits="0" branch="false"/>
								<line number="84" hits="0" branch="false"/>
								<line number="85" hits="0" branch="false"/>
								<line number="86" hits="0" branch="false"/>
								<line number="87" hits="0" branch="false"/>
								<line number="88" hits="0" branch="false"/>
							</lines>
						</method>
					</methods>
					<lines>
						<line number="50" hits="0" branch="false"/>
[...]
							</conditions>
						</line>
						<line number="66" hits="0" branch="false"/>
						<line number="67" hits="0" branch="false"/>
						<line number="69" hits="0" branch="false"/>
						<line number="71" hits="0" branch="true" condition-coverage="0% (0/2)">
							<conditions>
								<condition number="0" type="jump" coverage="0%"/>
							</conditions>
						</line>
						<line number="72" hits="0" branch="false"/>
						<line number="73" hits="0" branch="false"/>
						<line number="74" hits="0" branch="false"/>
						<line number="77" hits="0" branch="false"/>
						<line number="78" hits="0" branch="false"/>
						<line number="81" hits="1" branch="false"/>
					</lines>
				</class>
				<class name="com.rest.ProjectGroupRest" filename="com/rest/ProjectGroupRest.java" line-rate="0.0" branch-rate="1.0" complexity="0.0">
					<methods>
						<method name="&lt;init&gt;" signature="()V" line-rate="0.0" branch-rate="1.0">
							<lines>
								<line number="34" hits="0" branch="false"/>
							</lines>
						</method>
					</methods>
					<lines>
						<line number="34" hits="0" branch="false"/>
					</lines>
				</class>
				<class name="com.rest.ProjectRest" filename="com/rest/ProjectRest.java" line-rate="1.0" branch-rate="0.875" complexity="5.0">
					<methods>
						<method name="&lt;init&gt;" signature="()V" line-rate="1.0" branch-rate="1.0">
							<lines>
								<line number="50" hits="1" branch="false"/>
								<line number="51" hits="1" branch="false"/>
								<line number="77" hits="1" branch="false"/>
							</lines>
						</method>
						<method name="createProject" signature="(Lcom/dto/ProjectRequestDto;)Lorg/springframework/http/ResponseEntity;" line-rate="1.0" branch-rate="0.875">
							<lines>
								<line number="82" hits="1" branch="false"/>
								<line number="83" hits="1" branch="false"/>
								<line number="85" hits="1" branch="false"/>
								<line number="86" hits="1" branch="false"/>
								<line number="87" hits="1" branch="false"/>
								<line number="88" hits="1" branch="false"/>
								<line number="89" hits="1" branch="false"/>
								<line number="90" hits="1" branch="false"/>
								<line number="92" hits="1" branch="false"/>
								<line number="94" hits="1" branch="false"/>
								<line number="95" hits="1" branch="false"/>
								<line number="97" hits="1" branch="false"/>
								<line number="99" hits="1" branch="false"/>
								<line number="100" hits="1" branch="false"/>
								<line number="101" hits="1" branch="false"/>
								<line number="103" hits="1" branch="false"/>
								<line number="105" hits="1" branch="true" condition-coverage="100% (2/2)">
									<conditions>
										<condition number="0" type="jump" coverage="100%"/>
									</conditions>
								</line>
								<line number="106" hits="1" branch="false"/>
								<line number="107" hits="1" branch="false"/>
								<line number="108" hits="1" branch="true" condition-coverage="50% (1/2)">
									<conditions>
										<condition number="0" type="jump" coverage="50%"/>
									</conditions>
								</line>
								<line number="109" hits="1" branch="false"/>
								<line number="112" hits="1" branch="false"/>
								<line number="114" hits="1" branch="false"/>
								<line number="115" hits="1" branch="false"/>
								<line number="116" hits="1" branch="false"/>
								<line number="117" hits="1" branch="false"/>
								<line number="118" hits="1" branch="false"/>
								<line number="120" hits="1" branch="true" condition-coverage="100% (2/2)">
									<conditions>
										<condition number="0" type="jump" coverage="100%"/>
									</conditions>
								</line>
								<line number="121" hits="1" branch="false"/>
								<line number="122" hits="1" branch="false"/>
								<line number="123" hits="1" branch="false"/>
								<line number="124" hits="1" branch="false"/>
								<line number="125" hits="1" branch="false"/>
								<line number="127" hits="1" branch="false"/>
								<line number="129" hits="1" branch="true" condition-coverage="100% (2/2)">
									<conditions>
										<condition number="0" type="jump" coverage="100%"/>
									</conditions>
								</line>
								<line number="130" hits="1" branch="false"/>
								<line number="131" hits="1" branch="false"/>
								<line number="132" hits="1" branch="false"/>
								<line number="134" hits="1" branch="false"/>
								<line number="135" hits="1" branch="false"/>
								<line number="136" hits="1" branch="false"/>
								<line number="138" hits="1" branch="false"/>
							</lines>
						</method>
					</methods>
					<lines>
						<line number="50" hits="1" branch="false"/>
						<line number="51" hits="1" branch="false"/>
						<line number="77" hits="1" branch="false"/>
						<line number="82" hits="1" branch="false"/>
						<line number="83" hits="1" branch="false"/>
						<line number="85" hits="1" branch="false"/>
						<line number="86" hits="1" branch="false"/>
						<line number="87" hits="1" branch="false"/>
						<line number="88" hits="1" branch="false"/>
						<line number="89" hits="1" branch="false"/>
						<line number="90" hits="1" branch="false"/>
						<line number="92" hits="1" branch="false"/>
						<line number="94" hits="1" branch="false"/>
						<line number="95" hits="1" branch="false"/>
						<line number="97" hits="1" branch="false"/>
						<line number="99" hits="1" branch="false"/>
						<line number="100" hits="1" branch="false"/>
						<line number="101" hits="1" branch="false"/>
						<line number="103" hits="1" branch="false"/>
						<line number="105" hits="1" branch="true" condition-coverage="100% (2/2)">
							<conditions>
								<condition number="0" type="jump" coverage="100%"/>
							</conditions>
						</line>
						<line number="106" hits="1" branch="false"/>
						<line number="107" hits="1" branch="false"/>
						<line number="108" hits="1" branch="true" condition-coverage="50% (1/2)">
							<conditions>
								<condition number="0" type="jump" coverage="50%"/>
							</conditions>
						</line>
						<line number="109" hits="1" branch="false"/>
						<line number="112" hits="1" branch="false"/>
						<line number="114" hits="1" branch="false"/>
						<line number="115" hits="1" branch="false"/>
						<line number="116" hits="1" branch="false"/>
						<line number="117" hits="1" branch="false"/>
						<line number="118" hits="1" branch="false"/>
						<line number="120" hits="1" branch="true" condition-coverage="100% (2/2)">
							<conditions>
								<condition number="0" type="jump" coverage="100%"/>
							</conditions>
						</line>
						<line number="121" hits="1" branch="false"/>
						<line number="122" hits="1" branch="false"/>
						<line number="123" hits="1" branch="false"/>
						<line number="124" hits="1" branch="false"/>
						<line number="125" hits="1" branch="false"/>
						<line number="127" hits="1" branch="false"/>
						<line number="129" hits="1" branch="true" condition-coverage="100% (2/2)">
							<conditions>
								<condition number="0" type="jump" coverage="100%"/>
							</conditions>
						</line>
						<line number="130" hits="1" branch="false"/>
						<line number="131" hits="1" branch="false"/>
						<line number="132" hits="1" branch="false"/>
						<line number="134" hits="1" branch="false"/>
						<line number="135" hits="1" branch="false"/>
						<line number="136" hits="1" branch="false"/>
						<line number="138" hits="1" branch="false"/>
					</lines>
				</class>
				<class name="com.rest.UserRest" filename="com/rest/UserRest.java" line-rate="0.9298245614035088" branch-rate="0.8571428571428571" complexity="3.0">
					<methods>
						<method name="&lt;init&gt;" signature="()V" line-rate="1.0" branch-rate="1.0">
							<lines>
								<line number="58" hits="10" branch="false"/>
								<line number="65" hits="10" branch="false"/>
								<line number="93" hits="10" branch="false"/>
								<line number="95" hits="10" branch="false"/>
							</lines>
						</method>
						<method name="activateUser" signature="(Ljava/lang/String;)Lorg/springframework/http/ResponseEntity;" line-rate="1.0" branch-rate="1.0">
							<lines>
								<line number="140" hits="2" branch="false"/>
								<line number="141" hits="2" branch="true" condition-coverage="100% (2/2)">
									<conditions>
										<condition number="0" type="jump" coverage="100%"/>
									</conditions>
								</line>
								<line number="142" hits="1" branch="false"/>
								<line number="144" hits="1" branch="false"/>
								<line number="145" hits="1" branch="false"/>
								<line number="146" hits="1" branch="false"/>
							</lines>
						</method>
						<method name="changePassword" signature="(Lcom/dto/UserPasswordRequestDto;Ljava/security/Principal;)Lorg/springframework/http/ResponseEntity;" line-rate="1.0" branch-rate="1.0">
							<lines>
								<line number="152" hits="2" branch="false"/>
								<line number="154" hits="2" branch="false"/>
								<line number="156" hits="2" branch="true" condition-coverage="100% (2/2)">
									<conditions>
										<condition number="0" type="jump" coverage="100%"/>
									</conditions>
								</line>
								<line number="157" hits="1" branch="false"/>
								<line number="160" hits="1" branch="false"/>
								<line number="161" hits="1" branch="false"/>
								<line number="163" hits="1" branch="false"/>
								<line number="165" hits="1" branch="false"/>
							</lines>
						</method>
						<method name="convertToResponseDto" signature="(Lcom/entity/UserEntity;)Lcom/dto/UserResponseDto;" line-rate="0.0" branch-rate="1.0">
							<lines>
								<line number="98" hits="0" branch="false"/>
								<line number="99" hits="0" branch="false"/>
							</lines>
						</method>
						<method name="createUser" signature="(Lcom/dto/UserRequestDto;)Lorg/springframework/http/ResponseEntity;" line-rate="0.9473684210526315" branch-rate="0.75">
							<lines>
								<line number="105" hits="2" branch="false"/>
								<line number="106" hits="2" branch="true" condition-coverage="100% (2/2)">
									<conditions>
										<condition number="0" type="jump" coverage="100%"/>
									</conditions>
								</line>
								<line number="107" hits="1" branch="false"/>
								<line number="110" hits="1" branch="false"/>
								<line number="111" hits="1" branch="false"/>
								<line number="113" hits="1" branch="false"/>
								<line number="114" hits="1" branch="false"/>
								<line number="116" hits="1" branch="false"/>
								<line number="117" hits="1" branch="false"/>
								<line number="119" hits="1" branch="false"/>
								<line number="121" hits="1" branch="false"/>
								<line number="122" hits="1" branch="false"/>
								<line number="123" hits="1" branch="false"/>
								<line number="125" hits="1" branch="false"/>
								<line number="127" hits="1" branch="true" condition-coverage="50% (1/2)">
									<conditions>
										<condition number="0" type="jump" coverage="50%"/>
									</conditions>
								</line>
								<line number="128" hits="0" branch="false"/>
								<line number="131" hits="1" branch="false"/>
								<line number="132" hits="1" branch="false"/>
								<line number="134" hits="1" branch="false"/>
							</lines>
						</method>
						<method name="initiateResetPassword" signature="(Lcom/dto/InitiateResetPasswordRequestDto;)Lorg/springframework/http/ResponseEntity;" line-rate="0.9090909090909091" branch-rate="0.75">
							<lines>
								<line number="171" hits="2" branch="false"/>
								<line number="173" hits="2" branch="true" condition-coverage="100% (2/2)">
									<conditions>
										<condition number="0" type="jump" coverage="100%"/>
									</conditions>
								</line>
								<line number="174" hits="1" branch="false"/>
								<line number="177" hits="1" branch="false"/>
								<line number="178" hits="1" branch="false"/>
								<line number="180" hits="1" branch="false"/>
								<line number="182" hits="1" branch="true" condition-coverage="50% (1/2)">
									<conditions>
										<condition number="0" type="jump" coverage="50%"/>
									</conditions>
								</line>
								<line number="183" hits="0" branch="false"/>
								<line number="186" hits="1" branch="false"/>
								<line number="187" hits="1" branch="false"/>
								<line number="189" hits="1" branch="false"/>
							</lines>
						</method>
						<method name="resetPassword" signature="(Lcom/dto/ResetPasswordRequestDto;Ljava/lang/String;)Lorg/springframework/http/ResponseEntity;" line-rate="1.0" branch-rate="1.0">
							<lines>
								<line number="195" hits="2" branch="false"/>
								<line number="197" hits="2" branch="true" condition-coverage="100% (2/2)">
									<conditions>
										<condition number="0" type="jump" coverage="100%"/>
									</conditions>
								</line>
								<line number="198" hits="1" branch="false"/>
								<line number="201" hits="1" branch="false"/>
								<line number="202" hits="1" branch="false"/>
								<line number="204" hits="1" branch="false"/>
								<line number="206" hits="1" branch="false"/>
							</lines>
						</method>
					</methods>
					<lines>
						<line number="58" hits="10" branch="false"/>
						<line number="65" hits="10" branch="false"/>
						<line number="93" hits="10" branch="false"/>
						<line number="95" hits="10" branch="false"/>
						<line number="98" hits="0" branch="false"/>
						<line number="99" hits="0" branch="false"/>
						<line number="105" hits="2" branch="false"/>
						<line number="106" hits="2" branch="true" condition-coverage="100% (2/2)">
							<conditions>
								<condition number="0" type="jump" coverage="100%"/>
							</conditions>
						</line>
						<line number="107" hits="1" branch="false"/>
						<line number="110" hits="1" branch="false"/>
						<line number="111" hits="1" branch="false"/>
						<line number="113" hits="1" branch="false"/>
						<line number="114" hits="1" branch="false"/>
						<line number="116" hits="1" branch="false"/>
						<line number="117" hits="1" branch="false"/>
						<line number="119" hits="1" branch="false"/>
						<line number="121" hits="1" branch="false"/>
						<line number="122" hits="1" branch="false"/>
						<line number="123" hits="1" branch="false"/>
						<line number="125" hits="1" branch="false"/>
						<line number="127" hits="1" branch="true" condition-coverage="50% (1/2)">
							<conditions>
								<condition number="0" type="jump" coverage="50%"/>
							</conditions>
						</line>
						<line number="128" hits="0" branch="false"/>
						<line number="131" hits="1" branch="false"/>
						<line number="132" hits="1" branch="false"/>
						<line number="134" hits="1" branch="false"/>
						<line number="140" hits="2" branch="false"/>
						<line number="141" hits="2" branch="true" condition-coverage="100% (2/2)">
							<conditions>
								<condition number="0" type="jump" coverage="100%"/>
							</conditions>
						</line>
						<line number="142" hits="1" branch="false"/>
						<line number="144" hits="1" branch="false"/>
						<line number="145" hits="1" branch="false"/>
						<line number="146" hits="1" branch="false"/>
						<line number="152" hits="2" branch="false"/>
						<line number="154" hits="2" branch="false"/>
						<line number="156" hits="2" branch="true" condition-coverage="100% (2/2)">
							<conditions>
								<condition number="0" type="jump" coverage="100%"/>
							</conditions>
						</line>
						<line number="157" hits="1" branch="false"/>
						<line number="160" hits="1" branch="false"/>
						<line number="161" hits="1" branch="false"/>
						<line number="163" hits="1" branch="false"/>
						<line number="165" hits="1" branch="false"/>
						<line number="171" hits="2" branch="false"/>
						<line number="173" hits="2" branch="true" condition-coverage="100% (2/2)">
							<conditions>
								<condition number="0" type="jump" coverage="100%"/>
							</conditions>
						</line>
						<line number="174" hits="1" branch="false"/>
						<line number="177" hits="1" branch="false"/>
						<line number="178" hits="1" branch="false"/>
						<line number="180" hits="1" branch="false"/>
						<line number="182" hits="1" branch="true" condition-coverage="50% (1/2)">
							<conditions>
								<condition number="0" type="jump" coverage="50%"/>
							</conditions>
						</line>
						<line number="183" hits="0" branch="false"/>
						<line number="186" hits="1" branch="false"/>
						<line number="187" hits="1" branch="false"/>
						<line number="189" hits="1" branch="false"/>
						<line number="195" hits="2" branch="false"/>
						<line number="197" hits="2" branch="true" condition-coverage="100% (2/2)">
							<conditions>
								<condition number="0" type="jump" coverage="100%"/>
							</conditions>
						</line>
						<line number="198" hits="1" branch="false"/>
						<line number="201" hits="1" branch="false"/>
						<line number="202" hits="1" branch="false"/>
						<line number="204" hits="1" branch="false"/>
						<line number="206" hits="1" branch="false"/>
					</lines>
				</class>
			</classes>
		</package>
		<package name="com.utils" line-rate="0.6923076923076923" branch-rate="0.0" complexity="2.0">
			<classes>
				<class name="com.utils.BundleMessageReader" filename="com/utils/BundleMessageReader.java" line-rate="1.0" branch-rate="1.0" complexity="1.0">
					<methods>
						<method name="&lt;init&gt;" signature="()V" line-rate="1.0" branch-rate="1.0">
							<lines>
								<line number="33" hits="10" branch="false"/>
							</lines>
						</method>
						<method name="getMessage" signature="(Ljava/lang/String;)Ljava/lang/String;" line-rate="1.0" branch-rate="1.0">
							<lines>
								<line number="35" hits="5" branch="false"/>
								<line number="37" hits="5" branch="false"/>
								<line number="38" hits="5" branch="false"/>
								<line number="39" hits="5" branch="false"/>
								<line number="40" hits="5" branch="false"/>
								<line number="41" hits="5" branch="false"/>
								<line number="43" hits="5" branch="false"/>
							</lines>
						</method>
					</methods>
					<lines>
						<line number="33" hits="10" branch="false"/>
						<line number="35" hits="5" branch="false"/>
						<line number="37" hits="5" branch="false"/>
						<line number="38" hits="5" branch="false"/>
						<line number="39" hits="5" branch="false"/>
						<line number="40" hits="5" branch="false"/>
						<line number="41" hits="5" branch="false"/>
						<line number="43" hits="5" branch="false"/>
					</lines>
				</class>
				<class name="com.utils.SecurityContextReader" filename="com/utils/SecurityContextReader.java" line-rate="0.2" branch-rate="0.0" complexity="3.0">
					<methods>
						<method name="&lt;init&gt;" signature="()V" line-rate="1.0" branch-rate="1.0">
							<lines>
								<line number="35" hits="2" branch="false"/>
							</lines>
						</method>
						<method name="getUsername" signature="()Ljava/lang/String;" line-rate="0.0" branch-rate="0.0">
							<lines>
								<line number="37" hits="0" branch="false"/>
								<line number="38" hits="0" branch="true" condition-coverage="0% (0/2)">
									<conditions>
										<condition number="0" type="jump" coverage="0%"/>
									</conditions>
								</line>
								<line number="39" hits="0" branch="false"/>
								<line number="41" hits="0" branch="false"/>
							</lines>
						</method>
					</methods>
					<lines>
						<line number="35" hits="2" branch="false"/>
						<line number="37" hits="0" branch="false"/>
						<line number="38" hits="0" branch="true" condition-coverage="0% (0/2)">
							<conditions>
								<condition number="0" type="jump" coverage="0%"/>
							</conditions>
						</line>
						<line number="39" hits="0" branch="false"/>
						<line number="41" hits="0" branch="false"/>
					</lines>
				</class>
			</classes>
		</package>
	</packages>
</coverage>
